2023-02-02 22:31:56,149- DEBUG - ============【开始测试】====================
2023-02-02 22:31:56,150- INFO - ============【开始测试】====================
2023-02-02 22:31:56,150- WARNING - ============【开始测试】====================
2023-02-02 22:31:56,150- CRITICAL - ============【开始测试】====================
2023-02-02 22:31:56,150- ERROR - ============【开始测试】====================
2023-02-02 22:32:00,382- DEBUG - ============【开始测试】====================
2023-02-02 22:32:00,382- INFO - ============【开始测试】====================
2023-02-02 22:32:00,383- WARNING - ============【开始测试】====================
2023-02-02 22:32:00,383- CRITICAL - ============【开始测试】====================
2023-02-02 22:32:00,383- ERROR - ============【开始测试】====================
2023-02-02 22:33:08,484- DEBUG - ============【开始测试】====================
2023-02-02 22:33:08,487- INFO - ============【开始测试】====================
2023-02-02 22:33:08,488- WARNING - ============【开始测试】====================
2023-02-02 22:33:08,488- CRITICAL - ============【开始测试】====================
2023-02-02 22:33:08,488- ERROR - ============【开始测试】====================
2023-02-02 22:33:12,817- DEBUG - ============【开始测试】====================
2023-02-02 22:33:12,817- INFO - ============【开始测试】====================
2023-02-02 22:33:12,819- WARNING - ============【开始测试】====================
2023-02-02 22:33:12,821- CRITICAL - ============【开始测试】====================
2023-02-02 22:33:12,822- ERROR - ============【开始测试】====================
2023-02-02 22:53:59,346- ERROR - ============【开始测试】====================
